2025-03-28 15:09:56.817693 - Received CBT.V508.FILE069.PDS from FILE069.XMI 
2025-03-28 15:09:56.820108 - Found $$$#DATE.txt (text/plain) in CBT.V508.FILE069.PDS, moved to PDS/$$$#DATE
2025-03-28 15:09:56.822166 - Found @FILE069.txt (text/plain) in CBT.V508.FILE069.PDS, moved to PDS/@FILE069
2025-03-28 15:09:56.823351 - Found ADD.txt (text/plain) in CBT.V508.FILE069.PDS, moved to PDS/ADD
2025-03-28 15:09:56.824554 - Found BLDTBL.txt (text/plain) in CBT.V508.FILE069.PDS, moved to PDS/BLDTBL
2025-03-28 15:09:56.827082 - Found CEAA0301.txt (text/plain) in CBT.V508.FILE069.PDS, moved to PDS/CEAA0301
2025-03-28 15:09:56.827804 - Found CEAA0302.txt (text/plain) in CBT.V508.FILE069.PDS, moved to PDS/CEAA0302
2025-03-28 15:09:56.828869 - Found CEBB0301.txt (text/plain) in CBT.V508.FILE069.PDS, moved to PDS/CEBB0301
2025-03-28 15:09:56.829937 - Found CEBB0302.txt (text/plain) in CBT.V508.FILE069.PDS, moved to PDS/CEBB0302
2025-03-28 15:09:56.830937 - Found CEBB0303.txt (text/plain) in CBT.V508.FILE069.PDS, moved to PDS/CEBB0303
2025-03-28 15:09:56.831644 - Found CEBB0304.txt (text/plain) in CBT.V508.FILE069.PDS, moved to PDS/CEBB0304
2025-03-28 15:09:56.832440 - Found CEBB0305.txt (text/plain) in CBT.V508.FILE069.PDS, moved to PDS/CEBB0305
2025-03-28 15:09:56.833190 - Found CEBB0401.txt (text/plain) in CBT.V508.FILE069.PDS, moved to PDS/CEBB0401
2025-03-28 15:09:56.834410 - Found CEBB0402.txt (text/plain) in CBT.V508.FILE069.PDS, moved to PDS/CEBB0402
2025-03-28 15:09:56.835827 - Found CEBB0601.txt (text/plain) in CBT.V508.FILE069.PDS, moved to PDS/CEBB0601
2025-03-28 15:09:56.836851 - Found CEBB0602.txt (text/plain) in CBT.V508.FILE069.PDS, moved to PDS/CEBB0602
2025-03-28 15:09:56.837795 - Found CEBB0603.txt (text/plain) in CBT.V508.FILE069.PDS, moved to PDS/CEBB0603
2025-03-28 15:09:56.840883 - Found CEBB0604.txt (text/plain) in CBT.V508.FILE069.PDS, moved to PDS/CEBB0604
2025-03-28 15:09:56.842834 - Found CEBB0605.txt (text/plain) in CBT.V508.FILE069.PDS, moved to PDS/CEBB0605
2025-03-28 15:09:56.843545 - Found CEBB0606.txt (text/plain) in CBT.V508.FILE069.PDS, moved to PDS/CEBB0606
2025-03-28 15:09:56.844110 - Found CEBB0607.txt (text/plain) in CBT.V508.FILE069.PDS, moved to PDS/CEBB0607
2025-03-28 15:09:56.845259 - Found CEBB0608.txt (text/plain) in CBT.V508.FILE069.PDS, moved to PDS/CEBB0608
2025-03-28 15:09:56.846013 - Found CEBB0609.txt (text/plain) in CBT.V508.FILE069.PDS, moved to PDS/CEBB0609
2025-03-28 15:09:56.847858 - Found CEBB0801.txt (text/plain) in CBT.V508.FILE069.PDS, moved to PDS/CEBB0801
2025-03-28 15:09:56.848981 - Found CEBB0802.txt (text/plain) in CBT.V508.FILE069.PDS, moved to PDS/CEBB0802
2025-03-28 15:09:56.849648 - Found CEBB0803.txt (text/plain) in CBT.V508.FILE069.PDS, moved to PDS/CEBB0803
2025-03-28 15:09:56.850569 - Found CE020301.txt (text/plain) in CBT.V508.FILE069.PDS, moved to PDS/CE020301
2025-03-28 15:09:56.851838 - Found CE020302.txt (text/plain) in CBT.V508.FILE069.PDS, moved to PDS/CE020302
2025-03-28 15:09:56.852944 - Found CE020303.txt (text/plain) in CBT.V508.FILE069.PDS, moved to PDS/CE020303
2025-03-28 15:09:56.854065 - Found CE020401.txt (text/plain) in CBT.V508.FILE069.PDS, moved to PDS/CE020401
2025-03-28 15:09:56.854779 - Found CE020501.txt (text/plain) in CBT.V508.FILE069.PDS, moved to PDS/CE020501
2025-03-28 15:09:56.855349 - Found CE020601.txt (text/plain) in CBT.V508.FILE069.PDS, moved to PDS/CE020601
2025-03-28 15:09:56.856119 - Found CE020602.txt (text/plain) in CBT.V508.FILE069.PDS, moved to PDS/CE020602
2025-03-28 15:09:56.856935 - Found CE030301.txt (text/plain) in CBT.V508.FILE069.PDS, moved to PDS/CE030301
2025-03-28 15:09:56.857619 - Found CE030302.txt (text/plain) in CBT.V508.FILE069.PDS, moved to PDS/CE030302
2025-03-28 15:09:56.858226 - Found CE030303.txt (text/plain) in CBT.V508.FILE069.PDS, moved to PDS/CE030303
2025-03-28 15:09:56.858876 - Found CE030304.txt (text/plain) in CBT.V508.FILE069.PDS, moved to PDS/CE030304
2025-03-28 15:09:56.859513 - Found CE030501.txt (text/plain) in CBT.V508.FILE069.PDS, moved to PDS/CE030501
2025-03-28 15:09:56.860136 - Found CE030502.txt (text/plain) in CBT.V508.FILE069.PDS, moved to PDS/CE030502
2025-03-28 15:09:56.860666 - Found CE030503.txt (text/plain) in CBT.V508.FILE069.PDS, moved to PDS/CE030503
2025-03-28 15:09:56.861250 - Found CE030601.txt (text/plain) in CBT.V508.FILE069.PDS, moved to PDS/CE030601
2025-03-28 15:09:56.861803 - Found CE030602.txt (text/plain) in CBT.V508.FILE069.PDS, moved to PDS/CE030602
2025-03-28 15:09:56.862509 - Found CE040301.txt (text/plain) in CBT.V508.FILE069.PDS, moved to PDS/CE040301
2025-03-28 15:09:56.863796 - Found CE040302.txt (text/plain) in CBT.V508.FILE069.PDS, moved to PDS/CE040302
2025-03-28 15:09:56.865881 - Found CE040501.txt (text/plain) in CBT.V508.FILE069.PDS, moved to PDS/CE040501
2025-03-28 15:09:56.867022 - Found CE040502.txt (text/plain) in CBT.V508.FILE069.PDS, moved to PDS/CE040502
2025-03-28 15:09:56.867902 - Found CE040503.txt (text/plain) in CBT.V508.FILE069.PDS, moved to PDS/CE040503
2025-03-28 15:09:56.869230 - Found CE040601.txt (text/plain) in CBT.V508.FILE069.PDS, moved to PDS/CE040601
2025-03-28 15:09:56.869994 - Found CE040602.txt (text/plain) in CBT.V508.FILE069.PDS, moved to PDS/CE040602
2025-03-28 15:09:56.872083 - Found CE040701.txt (text/plain) in CBT.V508.FILE069.PDS, moved to PDS/CE040701
2025-03-28 15:09:56.872830 - Found CE040801.txt (text/plain) in CBT.V508.FILE069.PDS, moved to PDS/CE040801
2025-03-28 15:09:56.873448 - Found CE040802.txt (text/plain) in CBT.V508.FILE069.PDS, moved to PDS/CE040802
2025-03-28 15:09:56.874093 - Found CE040803.txt (text/plain) in CBT.V508.FILE069.PDS, moved to PDS/CE040803
2025-03-28 15:09:56.874903 - Found CE040901.txt (text/plain) in CBT.V508.FILE069.PDS, moved to PDS/CE040901
2025-03-28 15:09:56.876395 - Found CE040902.txt (text/plain) in CBT.V508.FILE069.PDS, moved to PDS/CE040902
2025-03-28 15:09:56.877365 - Found CE040903.txt (text/plain) in CBT.V508.FILE069.PDS, moved to PDS/CE040903
2025-03-28 15:09:56.878044 - Found CE041001.txt (text/plain) in CBT.V508.FILE069.PDS, moved to PDS/CE041001
2025-03-28 15:09:56.879633 - Found CE041002.txt (text/plain) in CBT.V508.FILE069.PDS, moved to PDS/CE041002
2025-03-28 15:09:56.881081 - Found CE041101.txt (text/plain) in CBT.V508.FILE069.PDS, moved to PDS/CE041101
2025-03-28 15:09:56.882361 - Found CE041102.txt (text/plain) in CBT.V508.FILE069.PDS, moved to PDS/CE041102
2025-03-28 15:09:56.883839 - Found CE041201.txt (text/plain) in CBT.V508.FILE069.PDS, moved to PDS/CE041201
2025-03-28 15:09:56.884760 - Found CE041202.txt (text/plain) in CBT.V508.FILE069.PDS, moved to PDS/CE041202
2025-03-28 15:09:56.885554 - Found CE041203.txt (text/plain) in CBT.V508.FILE069.PDS, moved to PDS/CE041203
2025-03-28 15:09:56.886162 - Found CE041301.txt (text/plain) in CBT.V508.FILE069.PDS, moved to PDS/CE041301
2025-03-28 15:09:56.886738 - Found CE041302.txt (text/plain) in CBT.V508.FILE069.PDS, moved to PDS/CE041302
2025-03-28 15:09:56.887405 - Found CE041303.txt (text/plain) in CBT.V508.FILE069.PDS, moved to PDS/CE041303
2025-03-28 15:09:56.887998 - Found CE041304.txt (text/plain) in CBT.V508.FILE069.PDS, moved to PDS/CE041304
2025-03-28 15:09:56.888606 - Found CE041305.txt (text/plain) in CBT.V508.FILE069.PDS, moved to PDS/CE041305
2025-03-28 15:09:56.889133 - Found CE041306.txt (text/plain) in CBT.V508.FILE069.PDS, moved to PDS/CE041306
2025-03-28 15:09:56.889800 - Found CE041307.txt (text/plain) in CBT.V508.FILE069.PDS, moved to PDS/CE041307
2025-03-28 15:09:56.890458 - Found CE041308.txt (text/plain) in CBT.V508.FILE069.PDS, moved to PDS/CE041308
2025-03-28 15:09:56.891059 - Found CE041401.txt (text/plain) in CBT.V508.FILE069.PDS, moved to PDS/CE041401
2025-03-28 15:09:56.891816 - Found CE041402.txt (text/plain) in CBT.V508.FILE069.PDS, moved to PDS/CE041402
2025-03-28 15:09:56.893083 - Found CE041501.txt (text/plain) in CBT.V508.FILE069.PDS, moved to PDS/CE041501
2025-03-28 15:09:56.893924 - Found CE041502.txt (text/plain) in CBT.V508.FILE069.PDS, moved to PDS/CE041502
2025-03-28 15:09:56.895055 - Found CE041503.txt (text/plain) in CBT.V508.FILE069.PDS, moved to PDS/CE041503
2025-03-28 15:09:56.896664 - Found CE041601.txt (text/plain) in CBT.V508.FILE069.PDS, moved to PDS/CE041601
2025-03-28 15:09:56.898093 - Found CE041701.txt (text/plain) in CBT.V508.FILE069.PDS, moved to PDS/CE041701
2025-03-28 15:09:56.898949 - Found CE041702.txt (text/plain) in CBT.V508.FILE069.PDS, moved to PDS/CE041702
2025-03-28 15:09:56.900805 - Found CE041703.txt (text/plain) in CBT.V508.FILE069.PDS, moved to PDS/CE041703
2025-03-28 15:09:56.901448 - Found CE041801.txt (text/plain) in CBT.V508.FILE069.PDS, moved to PDS/CE041801
2025-03-28 15:09:56.902165 - Found CE041802.txt (text/plain) in CBT.V508.FILE069.PDS, moved to PDS/CE041802
2025-03-28 15:09:56.902636 - Found CE041803.txt (text/plain) in CBT.V508.FILE069.PDS, moved to PDS/CE041803
2025-03-28 15:09:56.903235 - Found CE050101.txt (text/plain) in CBT.V508.FILE069.PDS, moved to PDS/CE050101
2025-03-28 15:09:56.903845 - Found CE050201.txt (text/plain) in CBT.V508.FILE069.PDS, moved to PDS/CE050201
2025-03-28 15:09:56.904882 - Found CE050202.txt (text/plain) in CBT.V508.FILE069.PDS, moved to PDS/CE050202
2025-03-28 15:09:56.905756 - Found CE050203.txt (text/plain) in CBT.V508.FILE069.PDS, moved to PDS/CE050203
2025-03-28 15:09:56.906378 - Found CE050301.txt (text/plain) in CBT.V508.FILE069.PDS, moved to PDS/CE050301
2025-03-28 15:09:56.906902 - Found CE050302.txt (text/plain) in CBT.V508.FILE069.PDS, moved to PDS/CE050302
2025-03-28 15:09:56.907503 - Found CE050303.txt (text/plain) in CBT.V508.FILE069.PDS, moved to PDS/CE050303
2025-03-28 15:09:56.908545 - Found CE050304.txt (text/plain) in CBT.V508.FILE069.PDS, moved to PDS/CE050304
2025-03-28 15:09:56.909258 - Found CE050305.txt (text/plain) in CBT.V508.FILE069.PDS, moved to PDS/CE050305
2025-03-28 15:09:56.909893 - Found CE050401.txt (text/plain) in CBT.V508.FILE069.PDS, moved to PDS/CE050401
2025-03-28 15:09:56.910461 - Found CE050402.txt (text/plain) in CBT.V508.FILE069.PDS, moved to PDS/CE050402
2025-03-28 15:09:56.911143 - Found CE050403.txt (text/plain) in CBT.V508.FILE069.PDS, moved to PDS/CE050403
2025-03-28 15:09:56.911490 - Found CE050501.txt (text/plain) in CBT.V508.FILE069.PDS, moved to PDS/CE050501
2025-03-28 15:09:56.912346 - Found CE050502.txt (text/plain) in CBT.V508.FILE069.PDS, moved to PDS/CE050502
2025-03-28 15:09:56.913082 - Found CE050503.txt (text/plain) in CBT.V508.FILE069.PDS, moved to PDS/CE050503
2025-03-28 15:09:56.913949 - Found CE050504.txt (text/plain) in CBT.V508.FILE069.PDS, moved to PDS/CE050504
2025-03-28 15:09:56.914796 - Found CE050505.txt (text/plain) in CBT.V508.FILE069.PDS, moved to PDS/CE050505
2025-03-28 15:09:56.915407 - Found CE050506.txt (text/plain) in CBT.V508.FILE069.PDS, moved to PDS/CE050506
2025-03-28 15:09:56.916083 - Found CE050601.txt (text/plain) in CBT.V508.FILE069.PDS, moved to PDS/CE050601
2025-03-28 15:09:56.916837 - Found CE050602.txt (text/plain) in CBT.V508.FILE069.PDS, moved to PDS/CE050602
2025-03-28 15:09:56.917372 - Found CE050701.txt (text/plain) in CBT.V508.FILE069.PDS, moved to PDS/CE050701
2025-03-28 15:09:56.918072 - Found CE050801.txt (text/plain) in CBT.V508.FILE069.PDS, moved to PDS/CE050801
2025-03-28 15:09:56.918714 - Found CE050802.txt (text/plain) in CBT.V508.FILE069.PDS, moved to PDS/CE050802
2025-03-28 15:09:56.919689 - Found CE050803.txt (text/plain) in CBT.V508.FILE069.PDS, moved to PDS/CE050803
2025-03-28 15:09:56.920321 - Found CE050901.txt (text/plain) in CBT.V508.FILE069.PDS, moved to PDS/CE050901
2025-03-28 15:09:56.921224 - Found CE050902.txt (text/plain) in CBT.V508.FILE069.PDS, moved to PDS/CE050902
2025-03-28 15:09:56.921780 - Found CE051001.txt (text/plain) in CBT.V508.FILE069.PDS, moved to PDS/CE051001
2025-03-28 15:09:56.922606 - Found CE051002.txt (text/plain) in CBT.V508.FILE069.PDS, moved to PDS/CE051002
2025-03-28 15:09:56.923285 - Found CE051003.txt (text/plain) in CBT.V508.FILE069.PDS, moved to PDS/CE051003
2025-03-28 15:09:56.926384 - Found CE051004.txt (text/plain) in CBT.V508.FILE069.PDS, moved to PDS/CE051004
2025-03-28 15:09:56.927408 - Found CE051005.txt (text/plain) in CBT.V508.FILE069.PDS, moved to PDS/CE051005
2025-03-28 15:09:56.928320 - Found CE051101.txt (text/plain) in CBT.V508.FILE069.PDS, moved to PDS/CE051101
2025-03-28 15:09:56.929309 - Found CE051102.txt (text/plain) in CBT.V508.FILE069.PDS, moved to PDS/CE051102
2025-03-28 15:09:56.929997 - Found CE051103.txt (text/plain) in CBT.V508.FILE069.PDS, moved to PDS/CE051103
2025-03-28 15:09:56.930557 - Found CE051104.txt (text/plain) in CBT.V508.FILE069.PDS, moved to PDS/CE051104
2025-03-28 15:09:56.931246 - Found CE051201.txt (text/plain) in CBT.V508.FILE069.PDS, moved to PDS/CE051201
2025-03-28 15:09:56.931780 - Found CE051202.txt (text/plain) in CBT.V508.FILE069.PDS, moved to PDS/CE051202
2025-03-28 15:09:56.932473 - Found CE051301.txt (text/plain) in CBT.V508.FILE069.PDS, moved to PDS/CE051301
2025-03-28 15:09:56.933049 - Found CE051302.txt (text/plain) in CBT.V508.FILE069.PDS, moved to PDS/CE051302
2025-03-28 15:09:56.933556 - Found CE051303.txt (text/plain) in CBT.V508.FILE069.PDS, moved to PDS/CE051303
2025-03-28 15:09:56.934045 - Found CE051304.txt (text/plain) in CBT.V508.FILE069.PDS, moved to PDS/CE051304
2025-03-28 15:09:56.934392 - Found CE051305.txt (text/plain) in CBT.V508.FILE069.PDS, moved to PDS/CE051305
2025-03-28 15:09:56.935540 - Found CE051306.txt (text/plain) in CBT.V508.FILE069.PDS, moved to PDS/CE051306
2025-03-28 15:09:56.936551 - Found CE051401.txt (text/plain) in CBT.V508.FILE069.PDS, moved to PDS/CE051401
2025-03-28 15:09:56.937362 - Found CE051402.txt (text/plain) in CBT.V508.FILE069.PDS, moved to PDS/CE051402
2025-03-28 15:09:56.938361 - Found CE060101.txt (text/plain) in CBT.V508.FILE069.PDS, moved to PDS/CE060101
2025-03-28 15:09:56.939067 - Found CE060102.txt (text/plain) in CBT.V508.FILE069.PDS, moved to PDS/CE060102
2025-03-28 15:09:56.939633 - Found CE060103.txt (text/plain) in CBT.V508.FILE069.PDS, moved to PDS/CE060103
2025-03-28 15:09:56.940474 - Found CE060104.txt (text/plain) in CBT.V508.FILE069.PDS, moved to PDS/CE060104
2025-03-28 15:09:56.941138 - Found CE060201.txt (text/plain) in CBT.V508.FILE069.PDS, moved to PDS/CE060201
2025-03-28 15:09:56.941803 - Found CE060202.txt (text/plain) in CBT.V508.FILE069.PDS, moved to PDS/CE060202
2025-03-28 15:09:56.942805 - Found CE060203.txt (text/plain) in CBT.V508.FILE069.PDS, moved to PDS/CE060203
2025-03-28 15:09:56.943331 - Found CE070101.txt (text/plain) in CBT.V508.FILE069.PDS, moved to PDS/CE070101
2025-03-28 15:09:56.944259 - Found CE070102.txt (text/plain) in CBT.V508.FILE069.PDS, moved to PDS/CE070102
2025-03-28 15:09:56.945536 - Found CE070103.txt (text/plain) in CBT.V508.FILE069.PDS, moved to PDS/CE070103
2025-03-28 15:09:56.947162 - Found CE070104.txt (text/plain) in CBT.V508.FILE069.PDS, moved to PDS/CE070104
2025-03-28 15:09:56.948218 - Found CE070201.txt (text/plain) in CBT.V508.FILE069.PDS, moved to PDS/CE070201
2025-03-28 15:09:56.949909 - Found CE070202.txt (text/plain) in CBT.V508.FILE069.PDS, moved to PDS/CE070202
2025-03-28 15:09:56.951649 - Found CE070203.txt (text/plain) in CBT.V508.FILE069.PDS, moved to PDS/CE070203
2025-03-28 15:09:56.952595 - Found CE070204.txt (text/plain) in CBT.V508.FILE069.PDS, moved to PDS/CE070204
2025-03-28 15:09:56.953301 - Found CE070205.txt (text/plain) in CBT.V508.FILE069.PDS, moved to PDS/CE070205
2025-03-28 15:09:56.954172 - Found CE070206.txt (text/plain) in CBT.V508.FILE069.PDS, moved to PDS/CE070206
2025-03-28 15:09:56.958229 - Found CE070207.txt (text/plain) in CBT.V508.FILE069.PDS, moved to PDS/CE070207
2025-03-28 15:09:56.958826 - Found CE080301.txt (text/plain) in CBT.V508.FILE069.PDS, moved to PDS/CE080301
2025-03-28 15:09:56.959390 - Found CE080302.txt (text/plain) in CBT.V508.FILE069.PDS, moved to PDS/CE080302
2025-03-28 15:09:56.959919 - Found CE080303.txt (text/plain) in CBT.V508.FILE069.PDS, moved to PDS/CE080303
2025-03-28 15:09:56.960826 - Found CE080401.txt (text/plain) in CBT.V508.FILE069.PDS, moved to PDS/CE080401
2025-03-28 15:09:56.961451 - Found CE080402.txt (text/plain) in CBT.V508.FILE069.PDS, moved to PDS/CE080402
2025-03-28 15:09:56.962184 - Found CE080403.txt (text/plain) in CBT.V508.FILE069.PDS, moved to PDS/CE080403
2025-03-28 15:09:56.962795 - Found CE080501.txt (text/plain) in CBT.V508.FILE069.PDS, moved to PDS/CE080501
2025-03-28 15:09:56.963619 - Found CE080502.txt (text/plain) in CBT.V508.FILE069.PDS, moved to PDS/CE080502
2025-03-28 15:09:56.964881 - Found CE080601.txt (text/plain) in CBT.V508.FILE069.PDS, moved to PDS/CE080601
2025-03-28 15:09:56.966215 - Found CE080602.txt (text/plain) in CBT.V508.FILE069.PDS, moved to PDS/CE080602
2025-03-28 15:09:56.967627 - Found CE080603.txt (text/plain) in CBT.V508.FILE069.PDS, moved to PDS/CE080603
2025-03-28 15:09:56.969017 - Found CE080604.txt (text/plain) in CBT.V508.FILE069.PDS, moved to PDS/CE080604
2025-03-28 15:09:56.970310 - Found CE080701.txt (text/plain) in CBT.V508.FILE069.PDS, moved to PDS/CE080701
2025-03-28 15:09:56.971074 - Found CE080702.txt (text/plain) in CBT.V508.FILE069.PDS, moved to PDS/CE080702
2025-03-28 15:09:56.972689 - Found CE080703.txt (text/plain) in CBT.V508.FILE069.PDS, moved to PDS/CE080703
2025-03-28 15:09:56.973234 - Found CE080704.txt (text/plain) in CBT.V508.FILE069.PDS, moved to PDS/CE080704
2025-03-28 15:09:56.973812 - Found CE080705.txt (text/plain) in CBT.V508.FILE069.PDS, moved to PDS/CE080705
2025-03-28 15:09:56.974476 - Found CE090301.txt (text/plain) in CBT.V508.FILE069.PDS, moved to PDS/CE090301
2025-03-28 15:09:56.975069 - Found CE090302.txt (text/plain) in CBT.V508.FILE069.PDS, moved to PDS/CE090302
2025-03-28 15:09:56.976065 - Found CE090303.txt (text/plain) in CBT.V508.FILE069.PDS, moved to PDS/CE090303
2025-03-28 15:09:56.976548 - Found CE090304.txt (text/plain) in CBT.V508.FILE069.PDS, moved to PDS/CE090304
2025-03-28 15:09:56.977152 - Found CE100101.txt (text/plain) in CBT.V508.FILE069.PDS, moved to PDS/CE100101
2025-03-28 15:09:56.977771 - Found CE100201.txt (text/plain) in CBT.V508.FILE069.PDS, moved to PDS/CE100201
2025-03-28 15:09:56.978398 - Found CE100301.txt (text/plain) in CBT.V508.FILE069.PDS, moved to PDS/CE100301
2025-03-28 15:09:56.978977 - Found CE100302.txt (text/plain) in CBT.V508.FILE069.PDS, moved to PDS/CE100302
2025-03-28 15:09:56.979634 - Found CE100401.txt (text/plain) in CBT.V508.FILE069.PDS, moved to PDS/CE100401
2025-03-28 15:09:56.980219 - Found CE100402.txt (text/plain) in CBT.V508.FILE069.PDS, moved to PDS/CE100402
2025-03-28 15:09:56.981035 - Found CE100403.txt (text/plain) in CBT.V508.FILE069.PDS, moved to PDS/CE100403
2025-03-28 15:09:56.981899 - Found CE100501.txt (text/plain) in CBT.V508.FILE069.PDS, moved to PDS/CE100501
2025-03-28 15:09:56.982441 - Found CE100601.txt (text/plain) in CBT.V508.FILE069.PDS, moved to PDS/CE100601
2025-03-28 15:09:56.982953 - Found CE100602.txt (text/plain) in CBT.V508.FILE069.PDS, moved to PDS/CE100602
2025-03-28 15:09:56.983428 - Found CE100701.txt (text/plain) in CBT.V508.FILE069.PDS, moved to PDS/CE100701
2025-03-28 15:09:56.983870 - Found CE100801.txt (text/plain) in CBT.V508.FILE069.PDS, moved to PDS/CE100801
2025-03-28 15:09:56.984496 - Found CE100802.txt (text/plain) in CBT.V508.FILE069.PDS, moved to PDS/CE100802
2025-03-28 15:09:56.985315 - Found CE110301.txt (text/plain) in CBT.V508.FILE069.PDS, moved to PDS/CE110301
2025-03-28 15:09:56.986289 - Found CE110302.txt (text/plain) in CBT.V508.FILE069.PDS, moved to PDS/CE110302
2025-03-28 15:09:56.986730 - Found CE110303.txt (text/plain) in CBT.V508.FILE069.PDS, moved to PDS/CE110303
2025-03-28 15:09:56.987298 - Found CE110401.txt (text/plain) in CBT.V508.FILE069.PDS, moved to PDS/CE110401
2025-03-28 15:09:56.988255 - Found CE110402.txt (text/plain) in CBT.V508.FILE069.PDS, moved to PDS/CE110402
2025-03-28 15:09:56.989790 - Found CE120601.txt (text/plain) in CBT.V508.FILE069.PDS, moved to PDS/CE120601
2025-03-28 15:09:56.990699 - Found CE120602.txt (text/plain) in CBT.V508.FILE069.PDS, moved to PDS/CE120602
2025-03-28 15:09:56.991655 - Found CE120603.txt (text/plain) in CBT.V508.FILE069.PDS, moved to PDS/CE120603
2025-03-28 15:09:56.992475 - Found CE120604.txt (text/plain) in CBT.V508.FILE069.PDS, moved to PDS/CE120604
2025-03-28 15:09:56.994390 - Found CE120605.txt (text/plain) in CBT.V508.FILE069.PDS, moved to PDS/CE120605
2025-03-28 15:09:56.995049 - Found CE120701.txt (text/plain) in CBT.V508.FILE069.PDS, moved to PDS/CE120701
2025-03-28 15:09:56.997832 - Found CE120702.txt (text/plain) in CBT.V508.FILE069.PDS, moved to PDS/CE120702
2025-03-28 15:09:56.998597 - Found CE120801.txt (text/plain) in CBT.V508.FILE069.PDS, moved to PDS/CE120801
2025-03-28 15:09:56.999127 - Found CE130401.txt (text/plain) in CBT.V508.FILE069.PDS, moved to PDS/CE130401
2025-03-28 15:09:57.000885 - Found CE130402.txt (text/plain) in CBT.V508.FILE069.PDS, moved to PDS/CE130402
2025-03-28 15:09:57.002061 - Found CE140601.txt (text/plain) in CBT.V508.FILE069.PDS, moved to PDS/CE140601
2025-03-28 15:09:57.002998 - Found CE140602.txt (text/plain) in CBT.V508.FILE069.PDS, moved to PDS/CE140602
2025-03-28 15:09:57.004051 - Found CE140603.txt (text/plain) in CBT.V508.FILE069.PDS, moved to PDS/CE140603
2025-03-28 15:09:57.005028 - Found CE140604.txt (text/plain) in CBT.V508.FILE069.PDS, moved to PDS/CE140604
2025-03-28 15:09:57.006177 - Found CE140801.txt (text/plain) in CBT.V508.FILE069.PDS, moved to PDS/CE140801
2025-03-28 15:09:57.007062 - Found CE140901.txt (text/plain) in CBT.V508.FILE069.PDS, moved to PDS/CE140901
2025-03-28 15:09:57.007682 - Found CE141001.txt (text/plain) in CBT.V508.FILE069.PDS, moved to PDS/CE141001
2025-03-28 15:09:57.008223 - Found CE141002.txt (text/plain) in CBT.V508.FILE069.PDS, moved to PDS/CE141002
2025-03-28 15:09:57.008767 - Found CE150301.txt (text/plain) in CBT.V508.FILE069.PDS, moved to PDS/CE150301
2025-03-28 15:09:57.009333 - Found CE150302.txt (text/plain) in CBT.V508.FILE069.PDS, moved to PDS/CE150302
2025-03-28 15:09:57.010305 - Found CE150303.txt (text/plain) in CBT.V508.FILE069.PDS, moved to PDS/CE150303
2025-03-28 15:09:57.011201 - Found CE150401.txt (text/plain) in CBT.V508.FILE069.PDS, moved to PDS/CE150401
2025-03-28 15:09:57.012239 - Found CE150402.txt (text/plain) in CBT.V508.FILE069.PDS, moved to PDS/CE150402
2025-03-28 15:09:57.013325 - Found CE150403.txt (text/plain) in CBT.V508.FILE069.PDS, moved to PDS/CE150403
2025-03-28 15:09:57.014297 - Found CE150404.txt (text/plain) in CBT.V508.FILE069.PDS, moved to PDS/CE150404
2025-03-28 15:09:57.015577 - Found CE150405.txt (text/plain) in CBT.V508.FILE069.PDS, moved to PDS/CE150405
2025-03-28 15:09:57.017398 - Found CE150406.txt (text/plain) in CBT.V508.FILE069.PDS, moved to PDS/CE150406
2025-03-28 15:09:57.018292 - Found CE150407.txt (text/plain) in CBT.V508.FILE069.PDS, moved to PDS/CE150407
2025-03-28 15:09:57.019840 - Found CE150408.txt (text/plain) in CBT.V508.FILE069.PDS, moved to PDS/CE150408
2025-03-28 15:09:57.020540 - Found CE150409.txt (text/plain) in CBT.V508.FILE069.PDS, moved to PDS/CE150409
2025-03-28 15:09:57.021005 - Found CE150410.txt (text/plain) in CBT.V508.FILE069.PDS, moved to PDS/CE150410
2025-03-28 15:09:57.021612 - Found CE150411.txt (text/plain) in CBT.V508.FILE069.PDS, moved to PDS/CE150411
2025-03-28 15:09:57.022800 - Found CE150412.txt (text/plain) in CBT.V508.FILE069.PDS, moved to PDS/CE150412
2025-03-28 15:09:57.024517 - Found CE160301.txt (text/plain) in CBT.V508.FILE069.PDS, moved to PDS/CE160301
2025-03-28 15:09:57.026051 - Found CE160302.txt (text/plain) in CBT.V508.FILE069.PDS, moved to PDS/CE160302
2025-03-28 15:09:57.026769 - Found CE160401.txt (text/plain) in CBT.V508.FILE069.PDS, moved to PDS/CE160401
2025-03-28 15:09:57.027843 - Found CE160402.txt (text/plain) in CBT.V508.FILE069.PDS, moved to PDS/CE160402
2025-03-28 15:09:57.029529 - Found CE160403.txt (text/plain) in CBT.V508.FILE069.PDS, moved to PDS/CE160403
2025-03-28 15:09:57.031542 - Found CE160404.txt (text/plain) in CBT.V508.FILE069.PDS, moved to PDS/CE160404
2025-03-28 15:09:57.033116 - Found CE160405.txt (text/plain) in CBT.V508.FILE069.PDS, moved to PDS/CE160405
2025-03-28 15:09:57.033918 - Found CE160406.txt (text/plain) in CBT.V508.FILE069.PDS, moved to PDS/CE160406
2025-03-28 15:09:57.034746 - Found CE160407.txt (text/plain) in CBT.V508.FILE069.PDS, moved to PDS/CE160407
2025-03-28 15:09:57.035630 - Found CE160408.txt (text/plain) in CBT.V508.FILE069.PDS, moved to PDS/CE160408
2025-03-28 15:09:57.038830 - Found CE160409.txt (text/plain) in CBT.V508.FILE069.PDS, moved to PDS/CE160409
2025-03-28 15:09:57.040724 - Found CE160410.txt (text/plain) in CBT.V508.FILE069.PDS, moved to PDS/CE160410
2025-03-28 15:09:57.041329 - Found CE160411.txt (text/plain) in CBT.V508.FILE069.PDS, moved to PDS/CE160411
2025-03-28 15:09:57.042180 - Found CE160412.txt (text/plain) in CBT.V508.FILE069.PDS, moved to PDS/CE160412
2025-03-28 15:09:57.043079 - Found CE160413.txt (text/plain) in CBT.V508.FILE069.PDS, moved to PDS/CE160413
2025-03-28 15:09:57.044447 - Found CE160414.txt (text/plain) in CBT.V508.FILE069.PDS, moved to PDS/CE160414
2025-03-28 15:09:57.045924 - Found CE160415.txt (text/plain) in CBT.V508.FILE069.PDS, moved to PDS/CE160415
2025-03-28 15:09:57.047010 - Found CE160501.txt (text/plain) in CBT.V508.FILE069.PDS, moved to PDS/CE160501
2025-03-28 15:09:57.047835 - Found CE160502.txt (text/plain) in CBT.V508.FILE069.PDS, moved to PDS/CE160502
2025-03-28 15:09:57.049804 - Found CE160503.txt (text/plain) in CBT.V508.FILE069.PDS, moved to PDS/CE160503
2025-03-28 15:09:57.051625 - Found CE160504.txt (text/plain) in CBT.V508.FILE069.PDS, moved to PDS/CE160504
2025-03-28 15:09:57.052305 - Found CE160505.txt (text/plain) in CBT.V508.FILE069.PDS, moved to PDS/CE160505
2025-03-28 15:09:57.053415 - Found GETPARM.txt (text/plain) in CBT.V508.FILE069.PDS, moved to PDS/GETPARM
2025-03-28 15:09:57.053997 - Found HEXTBL.txt (text/plain) in CBT.V508.FILE069.PDS, moved to PDS/HEXTBL
2025-03-28 15:09:57.054684 - Found INITL.txt (text/plain) in CBT.V508.FILE069.PDS, moved to PDS/INITL
2025-03-28 15:09:57.056710 - Found MOVE.txt (text/plain) in CBT.V508.FILE069.PDS, moved to PDS/MOVE
2025-03-28 15:09:57.057975 - Found PUTTBL.txt (text/plain) in CBT.V508.FILE069.PDS, moved to PDS/PUTTBL
2025-03-28 15:09:57.058867 - Found PUTTBL2.txt (text/plain) in CBT.V508.FILE069.PDS, moved to PDS/PUTTBL2
2025-03-28 15:09:57.060006 - Found RCNTL.txt (text/plain) in CBT.V508.FILE069.PDS, moved to PDS/RCNTL
2025-03-28 15:09:57.060867 - Found READDIR.txt (text/plain) in CBT.V508.FILE069.PDS, moved to PDS/READDIR
2025-03-28 15:09:57.062997 - Found SNAPA.txt (text/plain) in CBT.V508.FILE069.PDS, moved to PDS/SNAPA
2025-03-28 15:09:57.064970 - Found TRTBL.txt (text/plain) in CBT.V508.FILE069.PDS, moved to PDS/TRTBL
2025-03-28 15:09:57.066460 - Found VALNUMB.txt (text/plain) in CBT.V508.FILE069.PDS, moved to PDS/VALNUMB
2025-03-28 15:09:57.068061 - Found WTOREGS.txt (text/plain) in CBT.V508.FILE069.PDS, moved to PDS/WTOREGS
2025-03-28 15:09:57.068780 - Found WTOREGS0.txt (text/plain) in CBT.V508.FILE069.PDS, moved to PDS/WTOREGS0
